This file contains any messages produced by compilers while
running configure, to aid debugging if configure makes a mistake.

It was created by P3DFFT++ configure 3.0.0, which was
generated by GNU Autoconf 2.69.  Invocation command line was

  $ ./configure --enable-fftw --with-fftw-inc=/opt/fftw/3.3.4/intel/mvapich2_ib/include

## --------- ##
## Platform. ##
## --------- ##

hostname = comet-14-01.sdsc.edu
uname -m = x86_64
uname -r = 2.6.32-754.2.1.el6.x86_64
uname -s = Linux
uname -v = #1 SMP Fri Jul 13 12:50:12 UTC 2018

/usr/bin/uname -p = unknown
/bin/uname -X     = unknown

/bin/arch              = x86_64
/usr/bin/arch -k       = unknown
/usr/convex/getsysinfo = unknown
/usr/bin/hostinfo      = unknown
/bin/machine           = unknown
/usr/bin/oslevel       = unknown
/bin/universe          = unknown

PATH: /opt/fftw/3.3.4/intel/mvapich2_ib/bin
PATH: /opt/gnu/gcc/bin
PATH: /opt/gnu/bin
PATH: /opt/mvapich2/intel/ib/bin
PATH: /opt/intel/composer_xe_2013_sp1.2.144/bin/intel64
PATH: /opt/intel/composer_xe_2013_sp1.2.144/mpirt/bin/intel64
PATH: /opt/intel/composer_xe_2013_sp1.2.144/debugger/gdb/intel64_mic/bin
PATH: /usr/lib64/qt-3.3/bin
PATH: /usr/local/bin
PATH: /bin
PATH: /usr/bin
PATH: /usr/local/sbin
PATH: /usr/sbin
PATH: /sbin
PATH: /opt/sdsc/bin
PATH: /opt/sdsc/sbin
PATH: /opt/ibutils/bin
PATH: /usr/java/latest/bin
PATH: /opt/pdsh/bin
PATH: /opt/rocks/bin
PATH: /opt/rocks/sbin
PATH: /home/spencery/bin


## ----------- ##
## Core tests. ##
## ----------- ##

configure:2373: checking for a BSD-compatible install
configure:2441: result: /usr/bin/install -c
configure:2452: checking whether build environment is sane
configure:2507: result: yes
configure:2658: checking for a thread-safe mkdir -p
configure:2697: result: /bin/mkdir -p
configure:2704: checking for gawk
configure:2720: found /bin/gawk
configure:2731: result: gawk
configure:2742: checking whether make sets $(MAKE)
configure:2764: result: yes
configure:2793: checking whether make supports nested variables
configure:2810: result: yes
configure:2940: checking whether to enable maintainer-specific portions of Makefiles
configure:2949: result: no
configure:2981: checking whether to use IBM compiler
configure:2990: result: no
configure:3001: checking whether to use Intel compiler
configure:3010: result: no
configure:3021: checking whether to use PGI compiler
configure:3030: result: no
configure:3041: checking whether to use Cray compiler
configure:3050: result: no
configure:3061: checking whether to use GNU compiler
configure:3070: result: no
configure:3082: no compiler selected...defaulting to Intel
configure:3101: checking whether to use TIMERS
configure:3114: result: no
configure:3118: checking whether to use FFTW library
configure:3135: result: yes
configure:3138: checking whether to use ESSL library
configure:3155: result: no
configure:3158: checking whether to use MKL library
configure:3175: result: no
configure:3179: checking fftw lib location
configure:3193: result: none
configure:3198: checking fftw inc location
configure:3209: result: /opt/fftw/3.3.4/intel/mvapich2_ib/include
configure:3270: checking for gcc
configure:3297: result: mpicc
configure:3526: checking for C compiler version
configure:3535: mpicc --version >&5
icc (ICC) 14.0.2 20140120
Copyright (C) 1985-2014 Intel Corporation.  All rights reserved.

configure:3546: $? = 0
configure:3535: mpicc -v >&5
mpicc for MVAPICH2 version 2.1
icc version 14.0.2 (gcc version 4.8.0 compatibility)
configure:3546: $? = 0
configure:3535: mpicc -V >&5
GNU ld (GNU Binutils) 2.25
Intel(R) C Intel(R) 64 Compiler XE for applications running on Intel(R) 64, Version 14.0.2.144 Build 20140120
Copyright (C) 1985-2014 Intel Corporation.  All rights reserved.

/usr/lib/../lib64/crt1.o: In function `_start':
(.text+0x20): undefined reference to `main'
configure:3546: $? = 1
configure:3535: mpicc -qversion >&5
icc: command line warning #10006: ignoring unknown option '-qversion'
/usr/lib/../lib64/crt1.o: In function `_start':
(.text+0x20): undefined reference to `main'
configure:3546: $? = 1
configure:3566: checking whether the C compiler works
configure:3588: mpicc    conftest.c  >&5
configure:3592: $? = 0
configure:3640: result: yes
configure:3643: checking for C compiler default output file name
configure:3645: result: a.out
configure:3651: checking for suffix of executables
configure:3658: mpicc -o conftest    conftest.c  >&5
configure:3662: $? = 0
configure:3684: result: 
configure:3706: checking whether we are cross compiling
configure:3714: mpicc -o conftest    conftest.c  >&5
configure:3718: $? = 0
configure:3725: ./conftest
configure:3729: $? = 0
configure:3744: result: no
configure:3749: checking for suffix of object files
configure:3771: mpicc -c   conftest.c >&5
configure:3775: $? = 0
configure:3796: result: o
configure:3800: checking whether we are using the GNU C compiler
configure:3819: mpicc -c   conftest.c >&5
configure:3819: $? = 0
configure:3828: result: yes
configure:3837: checking whether mpicc accepts -g
configure:3857: mpicc -c -g  conftest.c >&5
configure:3857: $? = 0
configure:3898: result: yes
configure:3915: checking for mpicc option to accept ISO C89
configure:3978: mpicc  -c -g -O2  conftest.c >&5
configure:3978: $? = 0
configure:3991: result: none needed
configure:4016: checking whether mpicc understands -c and -o together
configure:4038: mpicc -c conftest.c -o conftest2.o
configure:4041: $? = 0
configure:4038: mpicc -c conftest.c -o conftest2.o
configure:4041: $? = 0
configure:4053: result: yes
configure:4198: checking for fftw_plan_dft in -lfftw3
configure:4223: mpicc -o conftest -g -O2   conftest.c -lfftw3   >&5
configure:4223: $? = 0
configure:4232: result: yes
configure:4298: checking for fftwf_execute_r2r in -lfftw3f
configure:4323: mpicc -o conftest -g -O2   conftest.c -lfftw3f   >&5
configure:4323: $? = 0
configure:4332: result: yes
configure:4429: checking how to run the C preprocessor
configure:4460: mpicc -E  conftest.c
configure:4460: $? = 0
configure:4474: mpicc -E  conftest.c
conftest.c(13): error #2379: cannot open source file "ac_nonexistent.h"
  #include <ac_nonexistent.h>
                             ^

configure:4474: $? = 2
configure: failed program was:
| /* confdefs.h */
| #define PACKAGE_NAME "P3DFFT++"
| #define PACKAGE_TARNAME "p3dfft--"
| #define PACKAGE_VERSION "3.0.0"
| #define PACKAGE_STRING "P3DFFT++ 3.0.0"
| #define PACKAGE_BUGREPORT "dmitry@sdsc.edu"
| #define PACKAGE_URL ""
| #define PACKAGE "p3dfft--"
| #define VERSION "3.0.0"
| #define INTEL 1
| #define FFTW 1
| /* end confdefs.h.  */
| #include <ac_nonexistent.h>
configure:4499: result: mpicc -E
configure:4519: mpicc -E  conftest.c
configure:4519: $? = 0
configure:4533: mpicc -E  conftest.c
conftest.c(13): error #2379: cannot open source file "ac_nonexistent.h"
  #include <ac_nonexistent.h>
                             ^

configure:4533: $? = 2
configure: failed program was:
| /* confdefs.h */
| #define PACKAGE_NAME "P3DFFT++"
| #define PACKAGE_TARNAME "p3dfft--"
| #define PACKAGE_VERSION "3.0.0"
| #define PACKAGE_STRING "P3DFFT++ 3.0.0"
| #define PACKAGE_BUGREPORT "dmitry@sdsc.edu"
| #define PACKAGE_URL ""
| #define PACKAGE "p3dfft--"
| #define VERSION "3.0.0"
| #define INTEL 1
| #define FFTW 1
| /* end confdefs.h.  */
| #include <ac_nonexistent.h>
configure:4562: checking for grep that handles long lines and -e
configure:4620: result: /bin/grep
configure:4625: checking for egrep
configure:4687: result: /bin/grep -E
configure:4692: checking for ANSI C header files
configure:4712: mpicc -c -g -O2  conftest.c >&5
configure:4712: $? = 0
configure:4785: mpicc -o conftest -g -O2   conftest.c  >&5
configure:4785: $? = 0
configure:4785: ./conftest
configure:4785: $? = 0
configure:4796: result: yes
configure:4809: checking for sys/types.h
configure:4809: mpicc -c -g -O2  conftest.c >&5
configure:4809: $? = 0
configure:4809: result: yes
configure:4809: checking for sys/stat.h
configure:4809: mpicc -c -g -O2  conftest.c >&5
configure:4809: $? = 0
configure:4809: result: yes
configure:4809: checking for stdlib.h
configure:4809: mpicc -c -g -O2  conftest.c >&5
configure:4809: $? = 0
configure:4809: result: yes
configure:4809: checking for string.h
configure:4809: mpicc -c -g -O2  conftest.c >&5
configure:4809: $? = 0
configure:4809: result: yes
configure:4809: checking for memory.h
configure:4809: mpicc -c -g -O2  conftest.c >&5
configure:4809: $? = 0
configure:4809: result: yes
configure:4809: checking for strings.h
configure:4809: mpicc -c -g -O2  conftest.c >&5
configure:4809: $? = 0
configure:4809: result: yes
configure:4809: checking for inttypes.h
configure:4809: mpicc -c -g -O2  conftest.c >&5
configure:4809: $? = 0
configure:4809: result: yes
configure:4809: checking for stdint.h
configure:4809: mpicc -c -g -O2  conftest.c >&5
configure:4809: $? = 0
configure:4809: result: yes
configure:4809: checking for unistd.h
configure:4809: mpicc -c -g -O2  conftest.c >&5
configure:4809: $? = 0
configure:4809: result: yes
configure:4826: checking /opt/fftw/3.3.4/intel/mvapich2_ib/include/fftw3.h usability
configure:4826: mpicc -c -g -O2  conftest.c >&5
configure:4826: $? = 0
configure:4826: result: yes
configure:4826: checking /opt/fftw/3.3.4/intel/mvapich2_ib/include/fftw3.h presence
configure:4826: mpicc -E  conftest.c
configure:4826: $? = 0
configure:4826: result: yes
configure:4826: checking for /opt/fftw/3.3.4/intel/mvapich2_ib/include/fftw3.h
configure:4826: result: yes
configure:4863: checking fftw flag
configure:4919: result: measure
configure:4924: checking ESSL directory
configure:4949: result: none
configure:4956: checking MKL directory
configure:4980: result: none
configure:5106: checking for C++ compiler version
configure:5115: mpicxx --version >&5
icpc (ICC) 14.0.2 20140120
Copyright (C) 1985-2014 Intel Corporation.  All rights reserved.

configure:5126: $? = 0
configure:5115: mpicxx -v >&5
mpicxx for MVAPICH2 version 2.1
icpc version 14.0.2 (gcc version 4.8.0 compatibility)
configure:5126: $? = 0
configure:5115: mpicxx -V >&5
GNU ld (GNU Binutils) 2.25
Intel(R) C++ Intel(R) 64 Compiler XE for applications running on Intel(R) 64, Version 14.0.2.144 Build 20140120
Copyright (C) 1985-2014 Intel Corporation.  All rights reserved.

/usr/lib/../lib64/crt1.o: In function `_start':
(.text+0x20): undefined reference to `main'
configure:5126: $? = 1
configure:5115: mpicxx -qversion >&5
icpc: command line warning #10006: ignoring unknown option '-qversion'
/usr/lib/../lib64/crt1.o: In function `_start':
(.text+0x20): undefined reference to `main'
configure:5126: $? = 1
configure:5130: checking whether we are using the GNU C++ compiler
configure:5149: mpicxx -c   conftest.cpp >&5
configure:5149: $? = 0
configure:5158: result: yes
configure:5167: checking whether mpicxx accepts -g
configure:5187: mpicxx -c -g  conftest.cpp >&5
configure:5187: $? = 0
configure:5228: result: yes
configure:5357: checking for Fortran compiler version
configure:5366: mpif90 --version >&5
ifort (IFORT) 14.0.2 20140120
Copyright (C) 1985-2014 Intel Corporation.  All rights reserved.

configure:5377: $? = 0
configure:5366: mpif90 -v >&5
mpifort for MVAPICH2 version 2.1
ifort version 14.0.2
configure:5377: $? = 0
configure:5366: mpif90 -V >&5
GNU ld (GNU Binutils) 2.25
Intel(R) Fortran Intel(R) 64 Compiler XE for applications running on Intel(R) 64, Version 14.0.2.144 Build 20140120
Copyright (C) 1985-2014 Intel Corporation.  All rights reserved.

/opt/intel/composer_xe_2013_sp1.2.144/compiler/lib/intel64/for_main.o: In function `main':
/export/users/nbtester/efi2linux_nightly/branch-14_0/20140121_010000/libdev/frtl/src/libfor/for_main.c:(.text+0x42): undefined reference to `MAIN__'
configure:5377: $? = 1
configure:5366: mpif90 -qversion >&5
ifort: command line warning #10006: ignoring unknown option '-qversion'
/opt/intel/composer_xe_2013_sp1.2.144/compiler/lib/intel64/for_main.o: In function `main':
/export/users/nbtester/efi2linux_nightly/branch-14_0/20140121_010000/libdev/frtl/src/libfor/for_main.c:(.text+0x42): undefined reference to `MAIN__'
configure:5377: $? = 1
configure:5386: checking whether we are using the GNU Fortran compiler
configure:5399: mpif90 -c   conftest.F >&5
conftest.F(3): error #5082: Syntax error, found END-OF-STATEMENT when expecting one of: ( % [ : . = =>
       choke me
---------------^
conftest.F(3): error #6218: This statement is positioned incorrectly and/or has syntax errors.
       choke me
---------------^
compilation aborted for conftest.F (code 1)
configure:5399: $? = 1
configure: failed program was:
|       program main
| #ifndef __GNUC__
|        choke me
| #endif
| 
|       end
configure:5408: result: no
configure:5414: checking whether mpif90 accepts -g
configure:5425: mpif90 -c -g  conftest.f >&5
configure:5425: $? = 0
configure:5433: result: yes
configure:5510: checking for gcc
configure:5537: result: mpicc
configure:5766: checking for C compiler version
configure:5775: mpicc --version >&5
icc (ICC) 14.0.2 20140120
Copyright (C) 1985-2014 Intel Corporation.  All rights reserved.

configure:5786: $? = 0
configure:5775: mpicc -v >&5
mpicc for MVAPICH2 version 2.1
icc version 14.0.2 (gcc version 4.8.0 compatibility)
configure:5786: $? = 0
configure:5775: mpicc -V >&5
GNU ld (GNU Binutils) 2.25
Intel(R) C Intel(R) 64 Compiler XE for applications running on Intel(R) 64, Version 14.0.2.144 Build 20140120
Copyright (C) 1985-2014 Intel Corporation.  All rights reserved.

/usr/lib/../lib64/crt1.o: In function `_start':
(.text+0x20): undefined reference to `main'
configure:5786: $? = 1
configure:5775: mpicc -qversion >&5
icc: command line warning #10006: ignoring unknown option '-qversion'
/usr/lib/../lib64/crt1.o: In function `_start':
(.text+0x20): undefined reference to `main'
configure:5786: $? = 1
configure:5790: checking whether we are using the GNU C compiler
configure:5818: result: yes
configure:5827: checking whether mpicc accepts -g
configure:5888: result: yes
configure:5905: checking for mpicc option to accept ISO C89
configure:5981: result: none needed
configure:6006: checking whether mpicc understands -c and -o together
configure:6043: result: yes
configure:6061: checking whether make sets $(MAKE)
configure:6083: result: yes
configure:6097: checking how to run the C preprocessor
configure:6167: result: mpicc -E
configure:6187: mpicc -E  conftest.c
configure:6187: $? = 0
configure:6201: mpicc -E  conftest.c
conftest.c(25): error #2379: cannot open source file "ac_nonexistent.h"
  #include <ac_nonexistent.h>
                             ^

configure:6201: $? = 2
configure: failed program was:
| /* confdefs.h */
| #define PACKAGE_NAME "P3DFFT++"
| #define PACKAGE_TARNAME "p3dfft--"
| #define PACKAGE_VERSION "3.0.0"
| #define PACKAGE_STRING "P3DFFT++ 3.0.0"
| #define PACKAGE_BUGREPORT "dmitry@sdsc.edu"
| #define PACKAGE_URL ""
| #define PACKAGE "p3dfft--"
| #define VERSION "3.0.0"
| #define INTEL 1
| #define FFTW 1
| #define STDC_HEADERS 1
| #define HAVE_SYS_TYPES_H 1
| #define HAVE_SYS_STAT_H 1
| #define HAVE_STDLIB_H 1
| #define HAVE_STRING_H 1
| #define HAVE_MEMORY_H 1
| #define HAVE_STRINGS_H 1
| #define HAVE_INTTYPES_H 1
| #define HAVE_STDINT_H 1
| #define HAVE_UNISTD_H 1
| #define HAVE__OPT_FFTW_3_3_4_INTEL_MVAPICH2_IB_INCLUDE_FFTW3_H 1
| #define FFTW_FLAG_MEASURE 1
| /* end confdefs.h.  */
| #include <ac_nonexistent.h>
configure:6278: checking for ar
configure:6294: found /opt/gnu/bin/ar
configure:6305: result: ar
configure:6331: checking the archiver (ar) interface
configure:6347: mpicc -c -g -O2  conftest.c >&5
configure:6347: $? = 0
configure:6349: ar cru libconftest.a conftest.o >&5
configure:6352: $? = 0
configure:6380: result: ar
configure:6443: checking for ranlib
configure:6459: found /opt/gnu/bin/ranlib
configure:6470: result: ranlib
configure:6497: checking for stdlib.h
configure:6497: result: yes
configure:6497: checking for string.h
configure:6497: result: yes
configure:6509: checking for stdbool.h that conforms to C99
configure:6576: mpicc -c -g -O2  conftest.c >&5
configure:6576: $? = 0
configure:6583: result: yes
configure:6585: checking for _Bool
configure:6585: mpicc -c -g -O2  conftest.c >&5
configure:6585: $? = 0
configure:6585: mpicc -c -g -O2  conftest.c >&5
conftest.c(63): error: expected an expression
  if (sizeof ((_Bool)))
                     ^

compilation aborted for conftest.c (code 2)
configure:6585: $? = 2
configure: failed program was:
| /* confdefs.h */
| #define PACKAGE_NAME "P3DFFT++"
| #define PACKAGE_TARNAME "p3dfft--"
| #define PACKAGE_VERSION "3.0.0"
| #define PACKAGE_STRING "P3DFFT++ 3.0.0"
| #define PACKAGE_BUGREPORT "dmitry@sdsc.edu"
| #define PACKAGE_URL ""
| #define PACKAGE "p3dfft--"
| #define VERSION "3.0.0"
| #define INTEL 1
| #define FFTW 1
| #define STDC_HEADERS 1
| #define HAVE_SYS_TYPES_H 1
| #define HAVE_SYS_STAT_H 1
| #define HAVE_STDLIB_H 1
| #define HAVE_STRING_H 1
| #define HAVE_MEMORY_H 1
| #define HAVE_STRINGS_H 1
| #define HAVE_INTTYPES_H 1
| #define HAVE_STDINT_H 1
| #define HAVE_UNISTD_H 1
| #define HAVE__OPT_FFTW_3_3_4_INTEL_MVAPICH2_IB_INCLUDE_FFTW3_H 1
| #define FFTW_FLAG_MEASURE 1
| #define HAVE_STDLIB_H 1
| #define HAVE_STRING_H 1
| /* end confdefs.h.  */
| #include <stdio.h>
| #ifdef HAVE_SYS_TYPES_H
| # include <sys/types.h>
| #endif
| #ifdef HAVE_SYS_STAT_H
| # include <sys/stat.h>
| #endif
| #ifdef STDC_HEADERS
| # include <stdlib.h>
| # include <stddef.h>
| #else
| # ifdef HAVE_STDLIB_H
| #  include <stdlib.h>
| # endif
| #endif
| #ifdef HAVE_STRING_H
| # if !defined STDC_HEADERS && defined HAVE_MEMORY_H
| #  include <memory.h>
| # endif
| # include <string.h>
| #endif
| #ifdef HAVE_STRINGS_H
| # include <strings.h>
| #endif
| #ifdef HAVE_INTTYPES_H
| # include <inttypes.h>
| #endif
| #ifdef HAVE_STDINT_H
| # include <stdint.h>
| #endif
| #ifdef HAVE_UNISTD_H
| # include <unistd.h>
| #endif
| int
| main ()
| {
| if (sizeof ((_Bool)))
| 	    return 0;
|   ;
|   return 0;
| }
configure:6585: result: yes
configure:6596: checking for inline
configure:6612: mpicc -c -g -O2  conftest.c >&5
configure:6612: $? = 0
configure:6620: result: inline
configure:6638: checking for size_t
configure:6638: mpicc -c -g -O2  conftest.c >&5
configure:6638: $? = 0
configure:6638: mpicc -c -g -O2  conftest.c >&5
conftest.c(64): error: expected an expression
  if (sizeof ((size_t)))
                      ^

compilation aborted for conftest.c (code 2)
configure:6638: $? = 2
configure: failed program was:
| /* confdefs.h */
| #define PACKAGE_NAME "P3DFFT++"
| #define PACKAGE_TARNAME "p3dfft--"
| #define PACKAGE_VERSION "3.0.0"
| #define PACKAGE_STRING "P3DFFT++ 3.0.0"
| #define PACKAGE_BUGREPORT "dmitry@sdsc.edu"
| #define PACKAGE_URL ""
| #define PACKAGE "p3dfft--"
| #define VERSION "3.0.0"
| #define INTEL 1
| #define FFTW 1
| #define STDC_HEADERS 1
| #define HAVE_SYS_TYPES_H 1
| #define HAVE_SYS_STAT_H 1
| #define HAVE_STDLIB_H 1
| #define HAVE_STRING_H 1
| #define HAVE_MEMORY_H 1
| #define HAVE_STRINGS_H 1
| #define HAVE_INTTYPES_H 1
| #define HAVE_STDINT_H 1
| #define HAVE_UNISTD_H 1
| #define HAVE__OPT_FFTW_3_3_4_INTEL_MVAPICH2_IB_INCLUDE_FFTW3_H 1
| #define FFTW_FLAG_MEASURE 1
| #define HAVE_STDLIB_H 1
| #define HAVE_STRING_H 1
| #define HAVE__BOOL 1
| /* end confdefs.h.  */
| #include <stdio.h>
| #ifdef HAVE_SYS_TYPES_H
| # include <sys/types.h>
| #endif
| #ifdef HAVE_SYS_STAT_H
| # include <sys/stat.h>
| #endif
| #ifdef STDC_HEADERS
| # include <stdlib.h>
| # include <stddef.h>
| #else
| # ifdef HAVE_STDLIB_H
| #  include <stdlib.h>
| # endif
| #endif
| #ifdef HAVE_STRING_H
| # if !defined STDC_HEADERS && defined HAVE_MEMORY_H
| #  include <memory.h>
| # endif
| # include <string.h>
| #endif
| #ifdef HAVE_STRINGS_H
| # include <strings.h>
| #endif
| #ifdef HAVE_INTTYPES_H
| # include <inttypes.h>
| #endif
| #ifdef HAVE_STDINT_H
| # include <stdint.h>
| #endif
| #ifdef HAVE_UNISTD_H
| # include <unistd.h>
| #endif
| int
| main ()
| {
| if (sizeof ((size_t)))
| 	    return 0;
|   ;
|   return 0;
| }
configure:6638: result: yes
configure:6653: checking for stdlib.h
configure:6653: result: yes
configure:6663: checking for GNU libc compatible malloc
configure:6687: mpicc -o conftest -g -O2   conftest.c  >&5
configure:6687: $? = 0
configure:6687: ./conftest
configure:6687: $? = 0
configure:6697: result: yes
configure:6720: checking for sqrt
configure:6720: mpicc -o conftest -g -O2   conftest.c  >&5
configure:6720: $? = 0
configure:6720: result: yes
configure:6841: checking that generated files are newer than configure
configure:6847: result: done
configure:6866: creating ./config.status

## ---------------------- ##
## Running config.status. ##
## ---------------------- ##

This file was extended by P3DFFT++ config.status 3.0.0, which was
generated by GNU Autoconf 2.69.  Invocation command line was

  CONFIG_FILES    = 
  CONFIG_HEADERS  = 
  CONFIG_LINKS    = 
  CONFIG_COMMANDS = 
  $ ./config.status 

on comet-14-01.sdsc.edu

config.status:867: creating Makefile
config.status:867: creating build/Makefile
config.status:867: creating sample/Makefile
config.status:867: creating sample/C++/Makefile
config.status:867: creating sample/C/Makefile
config.status:867: creating sample/FORTRAN/Makefile
config.status:867: creating p3dfft3config.h
configure:8078: configure script complete!

## ---------------- ##
## Cache variables. ##
## ---------------- ##

ac_cv_c_compiler_gnu=yes
ac_cv_c_inline=inline
ac_cv_cxx_compiler_gnu=yes
ac_cv_env_CCC_set=
ac_cv_env_CCC_value=
ac_cv_env_CC_set=
ac_cv_env_CC_value=
ac_cv_env_CFLAGS_set=
ac_cv_env_CFLAGS_value=
ac_cv_env_CPPFLAGS_set=
ac_cv_env_CPPFLAGS_value=
ac_cv_env_CPP_set=
ac_cv_env_CPP_value=
ac_cv_env_CXXFLAGS_set=
ac_cv_env_CXXFLAGS_value=
ac_cv_env_CXX_set=
ac_cv_env_CXX_value=
ac_cv_env_FCFLAGS_set=
ac_cv_env_FCFLAGS_value=
ac_cv_env_FC_set=
ac_cv_env_FC_value=
ac_cv_env_LDFLAGS_set=
ac_cv_env_LDFLAGS_value=
ac_cv_env_LIBS_set=
ac_cv_env_LIBS_value=
ac_cv_env_build_alias_set=
ac_cv_env_build_alias_value=
ac_cv_env_host_alias_set=
ac_cv_env_host_alias_value=
ac_cv_env_target_alias_set=
ac_cv_env_target_alias_value=
ac_cv_fc_compiler_gnu=no
ac_cv_func_malloc_0_nonnull=yes
ac_cv_func_sqrt=yes
ac_cv_header__opt_fftw_3_3_4_intel_mvapich2_ib_include_fftw3_h=yes
ac_cv_header_inttypes_h=yes
ac_cv_header_memory_h=yes
ac_cv_header_stdbool_h=yes
ac_cv_header_stdc=yes
ac_cv_header_stdint_h=yes
ac_cv_header_stdlib_h=yes
ac_cv_header_string_h=yes
ac_cv_header_strings_h=yes
ac_cv_header_sys_stat_h=yes
ac_cv_header_sys_types_h=yes
ac_cv_header_unistd_h=yes
ac_cv_lib_fftw3_fftw_plan_dft=yes
ac_cv_lib_fftw3f_fftwf_execute_r2r=yes
ac_cv_objext=o
ac_cv_path_EGREP='/bin/grep -E'
ac_cv_path_GREP=/bin/grep
ac_cv_path_install='/usr/bin/install -c'
ac_cv_path_mkdir=/bin/mkdir
ac_cv_prog_AWK=gawk
ac_cv_prog_CPP='mpicc -E'
ac_cv_prog_ac_ct_AR=ar
ac_cv_prog_ac_ct_CC=mpicc
ac_cv_prog_ac_ct_RANLIB=ranlib
ac_cv_prog_cc_c89=
ac_cv_prog_cc_g=yes
ac_cv_prog_cxx_g=yes
ac_cv_prog_fc_g=yes
ac_cv_prog_make_make_set=yes
ac_cv_type__Bool=yes
ac_cv_type_size_t=yes
am_cv_ar_interface=ar
am_cv_make_support_nested_variables=yes
am_cv_prog_cc_c_o=yes

## ----------------- ##
## Output variables. ##
## ----------------- ##

ACLOCAL='${SHELL} /home/spencery/p3dfft.3/missing aclocal-1.15'
AMTAR='$${TAR-tar}'
AM_BACKSLASH='\'
AM_DEFAULT_V='$(AM_DEFAULT_VERBOSITY)'
AM_DEFAULT_VERBOSITY='1'
AM_V='$(V)'
AR='ar'
AUTOCONF='${SHELL} /home/spencery/p3dfft.3/missing autoconf'
AUTOHEADER='${SHELL} /home/spencery/p3dfft.3/missing autoheader'
AUTOMAKE='${SHELL} /home/spencery/p3dfft.3/missing automake-1.15'
AWK='gawk'
CC='mpicc'
CFLAGS='-g -O2'
CPP='mpicc -E'
CPPFLAGS=''
CXX='mpicxx'
CXXFLAGS='-g -O2'
CYGPATH_W='echo'
DEFS='-DHAVE_CONFIG_H'
ECHO_C=''
ECHO_N='-n'
ECHO_T=''
EGREP='/bin/grep -E'
ESSL_INC=''
ESSL_LIB=''
EXEEXT=''
FC='mpif90'
FCFLAGS='-g'
FFTWF_LIB='-lfftw3f'
FFTW_INC='-I/opt/fftw/3.3.4/intel/mvapich2_ib/include'
FFTW_LIB='-lfftw3'
GIT_DATE='2019-05-21'
GIT_VERSION='fe414d2-dirty'
GREP='/bin/grep'
INSTALL_DATA='${INSTALL} -m 644'
INSTALL_PROGRAM='${INSTALL}'
INSTALL_SCRIPT='${INSTALL}'
INSTALL_STRIP_PROGRAM='$(install_sh) -c -s'
LDFLAGS=''
LIBOBJS=''
LIBS=''
LTLIBOBJS=''
MAINT='#'
MAINTAINER_MODE_FALSE=''
MAINTAINER_MODE_TRUE='#'
MAKEINFO='${SHELL} /home/spencery/p3dfft.3/missing makeinfo'
MKDIR_P='/bin/mkdir -p'
MKL_INC=''
MKL_LIB=''
OBJEXT='o'
PACKAGE='p3dfft--'
PACKAGE_BUGREPORT='dmitry@sdsc.edu'
PACKAGE_NAME='P3DFFT++'
PACKAGE_STRING='P3DFFT++ 3.0.0'
PACKAGE_TARNAME='p3dfft--'
PACKAGE_URL=''
PACKAGE_VERSION='3.0.0'
PATH_SEPARATOR=':'
RANLIB='ranlib'
SET_MAKE=''
SHELL='/bin/sh'
STRIP=''
VERSION='3.0.0'
ac_ct_AR='ar'
ac_ct_CC='mpicc'
ac_ct_CXX=''
ac_ct_FC=''
am__EXEEXT_FALSE=''
am__EXEEXT_TRUE='#'
am__isrc=''
am__leading_dot='.'
am__tar='$${TAR-tar} chof - "$$tardir"'
am__untar='$${TAR-tar} xf -'
bindir='${exec_prefix}/bin'
build_alias=''
datadir='${datarootdir}'
datarootdir='${prefix}/share'
docdir='${datarootdir}/doc/${PACKAGE_TARNAME}'
dvidir='${docdir}'
exec_prefix='${prefix}'
host_alias=''
htmldir='${docdir}'
includedir='${prefix}/include'
infodir='${datarootdir}/info'
install_sh='${SHELL} /home/spencery/p3dfft.3/install-sh'
libdir='${exec_prefix}/lib'
libexecdir='${exec_prefix}/libexec'
localedir='${datarootdir}/locale'
localstatedir='${prefix}/var'
mandir='${datarootdir}/man'
mkdir_p='$(MKDIR_P)'
oldincludedir='/usr/include'
pdfdir='${docdir}'
prefix='/usr/local'
program_transform_name='s,x,x,'
psdir='${docdir}'
sbindir='${exec_prefix}/sbin'
sharedstatedir='${prefix}/com'
sysconfdir='${prefix}/etc'
target_alias=''

## ----------- ##
## confdefs.h. ##
## ----------- ##

/* confdefs.h */
#define PACKAGE_NAME "P3DFFT++"
#define PACKAGE_TARNAME "p3dfft--"
#define PACKAGE_VERSION "3.0.0"
#define PACKAGE_STRING "P3DFFT++ 3.0.0"
#define PACKAGE_BUGREPORT "dmitry@sdsc.edu"
#define PACKAGE_URL ""
#define PACKAGE "p3dfft--"
#define VERSION "3.0.0"
#define INTEL 1
#define FFTW 1
#define STDC_HEADERS 1
#define HAVE_SYS_TYPES_H 1
#define HAVE_SYS_STAT_H 1
#define HAVE_STDLIB_H 1
#define HAVE_STRING_H 1
#define HAVE_MEMORY_H 1
#define HAVE_STRINGS_H 1
#define HAVE_INTTYPES_H 1
#define HAVE_STDINT_H 1
#define HAVE_UNISTD_H 1
#define HAVE__OPT_FFTW_3_3_4_INTEL_MVAPICH2_IB_INCLUDE_FFTW3_H 1
#define FFTW_FLAG_MEASURE 1
#define HAVE_STDLIB_H 1
#define HAVE_STRING_H 1
#define HAVE__BOOL 1
#define HAVE_STDLIB_H 1
#define HAVE_MALLOC 1
#define HAVE_SQRT 1

configure: exit 0

## ---------------------- ##
## Running config.status. ##
## ---------------------- ##

This file was extended by P3DFFT++ config.status 3.0.0, which was
generated by GNU Autoconf 2.69.  Invocation command line was

  CONFIG_FILES    = 
  CONFIG_HEADERS  = 
  CONFIG_LINKS    = 
  CONFIG_COMMANDS = 
  $ ./config.status p3dfft3config.h

on comet-14-01.sdsc.edu

config.status:867: creating p3dfft3config.h
